<?xml version="1.0" encoding="UTF-8"?>
<testng-results skipped="0" failed="0" ignored="0" total="1" passed="1">
  <reporter-output>
  </reporter-output>
  <suite name="Default suite" duration-ms="29651" started-at="2020-01-25T02:27:42 COT" finished-at="2020-01-25T02:28:11 COT">
    <groups>
    </groups>
    <test name="Default test" duration-ms="29651" started-at="2020-01-25T02:27:42 COT" finished-at="2020-01-25T02:28:11 COT">
      <class name="realDevice.InStoreShoppping">
        <test-method status="PASS" signature="setUp()[pri:0, instance:realDevice.InStoreShoppping@3234e239]" name="setUp" is-config="true" duration-ms="16373" started-at="2020-01-25T02:27:42 COT" finished-at="2020-01-25T02:27:58 COT">
          <reporter-output>
          </reporter-output>
        </test-method> <!-- setUp -->
        <test-method status="PASS" signature="seleccionarPais()[pri:0, instance:realDevice.InStoreShoppping@3234e239]" name="seleccionarPais" duration-ms="13184" started-at="2020-01-25T02:27:58 COT" finished-at="2020-01-25T02:28:11 COT">
          <reporter-output>
          </reporter-output>
        </test-method> <!-- seleccionarPais -->
      </class> <!-- realDevice.InStoreShoppping -->
    </test> <!-- Default test -->
  </suite> <!-- Default suite -->
</testng-results>
